<?xml version="1.0" encoding="UTF-8"?>
<robot generated="20140312 18:18:53.128" generator="Robot 2.8.4 (Python 2.7.3 on linux2)">
<suite source="/mnt/wt/pyrosuite/robo/spec" id="s1" name="Spec">
<suite source="/mnt/wt/pyrosuite/robo/spec/01__sauce_browser.txt" id="s1-s1" name="Sauce Browser">
<test id="s1-s1-t1" name="Open Google Using Sauce">
<kw type="kw" name="Open Login Page">
<doc></doc>
<arguments>
</arguments>
<msg timestamp="20140312 18:18:53.178" level="FAIL">No keyword with name 'Open Login Page' found.</msg>
<status status="FAIL" endtime="20140312 18:18:53.178" starttime="20140312 18:18:53.178"></status>
</kw>
<kw type="teardown" name="Close Browser">
<doc></doc>
<arguments>
</arguments>
<msg timestamp="20140312 18:18:53.179" level="FAIL">No keyword with name 'Close Browser' found.</msg>
<status status="FAIL" endtime="20140312 18:18:53.179" starttime="20140312 18:18:53.179">No keyword with name 'Close Browser' found.</status>
</kw>
<doc></doc>
<tags>
</tags>
<status status="FAIL" endtime="20140312 18:18:53.179" critical="yes" starttime="20140312 18:18:53.177">No keyword with name 'Open Login Page' found.

Also teardown failed:
No keyword with name 'Close Browser' found.</status>
</test>
<doc>A test suite with a single test for valid login. This test has a workflow that is created using keywords from the resource file.</doc>
<metadata>
</metadata>
<status status="FAIL" endtime="20140312 18:18:53.180" starttime="20140312 18:18:53.172"></status>
</suite>
<suite source="/mnt/wt/pyrosuite/robo/spec/02__sauce_browser_onconnect.txt" id="s1-s2" name="Sauce Browser Onconnect">
<test id="s1-s2-t1" name="Valid Login">
<kw type="kw" name="resource.Open Login Page">
<doc></doc>
<arguments>
</arguments>
<kw type="kw" name="Selenium2Library.Open Browser">
<doc>Opens a new browser instance to given URL.</doc>
<arguments>
<arg>${LOGIN URL}</arg>
<arg>${BROWSER}</arg>
</arguments>
<msg timestamp="20140312 18:18:53.294" level="FAIL">Non-existing variable '${BROWSER}'.</msg>
<status status="FAIL" endtime="20140312 18:18:53.294" starttime="20140312 18:18:53.294"></status>
</kw>
<status status="FAIL" endtime="20140312 18:18:53.294" starttime="20140312 18:18:53.293"></status>
</kw>
<kw type="teardown" name="Selenium2Library.Close Browser">
<doc>Closes the current browser.</doc>
<arguments>
</arguments>
<status status="PASS" endtime="20140312 18:18:53.295" starttime="20140312 18:18:53.295"></status>
</kw>
<doc></doc>
<tags>
</tags>
<status status="FAIL" endtime="20140312 18:18:53.295" critical="yes" starttime="20140312 18:18:53.292">Non-existing variable '${BROWSER}'.</status>
</test>
<doc>A test suite with a single test for valid login. This test has a workflow that is created using keywords from the resource file.</doc>
<metadata>
</metadata>
<status status="FAIL" endtime="20140312 18:18:53.296" starttime="20140312 18:18:53.181"></status>
</suite>
<doc></doc>
<metadata>
</metadata>
<status status="FAIL" endtime="20140312 18:18:53.297" starttime="20140312 18:18:53.129"></status>
</suite>
<statistics>
<total>
<stat fail="2" pass="0">Critical Tests</stat>
<stat fail="2" pass="0">All Tests</stat>
</total>
<tag>
</tag>
<suite>
<stat fail="2" pass="0" id="s1" name="Spec">Spec</stat>
<stat fail="1" pass="0" id="s1-s1" name="Sauce Browser">Spec.Sauce Browser</stat>
<stat fail="1" pass="0" id="s1-s2" name="Sauce Browser Onconnect">Spec.Sauce Browser Onconnect</stat>
</suite>
</statistics>
<errors>
<msg timestamp="20140312 18:18:53.176" level="ERROR">Error in file '/mnt/wt/pyrosuite/robo/spec/01__sauce_browser.txt': Resource file 'resource.txt' does not exist.</msg>
<msg timestamp="20140312 18:18:53.191" level="ERROR">Error in file '/mnt/wt/pyrosuite/robo/resource.txt': Importing variable file '/mnt/wt/pyrosuite/robo/ondemand.py' failed: SyntaxError: invalid syntax (ondemand.py, line 15)
Traceback (most recent call last):
  None
PYTHONPATH:
  /usr/local/lib/python2.7/dist-packages/robot/libraries
  /usr/local/lib/python2.7/dist-packages
  /usr/local/bin
  /usr/lib/python2.7
  /usr/lib/python2.7/plat-linux2
  /usr/lib/python2.7/lib-tk
  /usr/lib/python2.7/lib-old
  /usr/lib/python2.7/lib-dynload
  /usr/lib/python2.7/dist-packages
  /usr/lib/python2.7/dist-packages/gtk-2.0
  /usr/lib/pymodules/python2.7
  .
  /mnt/wt/pyrosuite</msg>
</errors>
</robot>
