<?xml version="1.0" encoding="UTF-8"?>
<robot generated="20140312 18:51:21.869" generator="Robot 2.8.4 (Python 2.7.3 on linux2)">
<suite source="/mnt/wt/pyrosuite/robo/spec" id="s1" name="Spec">
<suite source="/mnt/wt/pyrosuite/robo/spec/01__sauce_browser.txt" id="s1-s1" name="Sauce Browser">
<test id="s1-s1-t1" name="Open Google Using Sauce">
<kw type="kw" name="resource.Open Login Page">
<doc></doc>
<arguments>
</arguments>
<kw type="kw" name="Selenium2Library.Open Browser">
<doc>Opens a new browser instance to given URL.</doc>
<arguments>
<arg>${LOGIN URL}</arg>
<arg>${BROWSER}</arg>
</arguments>
<msg timestamp="20140312 18:51:22.031" level="FAIL">Non-existing variable '${BROWSER}'.</msg>
<status status="FAIL" endtime="20140312 18:51:22.031" starttime="20140312 18:51:22.030"></status>
</kw>
<status status="FAIL" endtime="20140312 18:51:22.031" starttime="20140312 18:51:22.029"></status>
</kw>
<kw type="teardown" name="Selenium2Library.Close Browser">
<doc>Closes the current browser.</doc>
<arguments>
</arguments>
<status status="PASS" endtime="20140312 18:51:22.032" starttime="20140312 18:51:22.032"></status>
</kw>
<doc></doc>
<tags>
</tags>
<status status="FAIL" endtime="20140312 18:51:22.032" critical="yes" starttime="20140312 18:51:22.029">Non-existing variable '${BROWSER}'.</status>
</test>
<doc>A test suite with a single test for valid login. This test has a workflow that is created using keywords from the resource file.</doc>
<metadata>
</metadata>
<status status="FAIL" endtime="20140312 18:51:22.033" starttime="20140312 18:51:21.913"></status>
</suite>
<suite source="/mnt/wt/pyrosuite/robo/spec/02__sauce_browser_onconnect.txt" id="s1-s2" name="Sauce Browser Onconnect">
<test id="s1-s2-t1" name="Valid Login">
<kw type="kw" name="resource.Open Login Page">
<doc></doc>
<arguments>
</arguments>
<kw type="kw" name="Selenium2Library.Open Browser">
<doc>Opens a new browser instance to given URL.</doc>
<arguments>
<arg>${LOGIN URL}</arg>
<arg>${BROWSER}</arg>
</arguments>
<msg timestamp="20140312 18:51:22.044" level="INFO">Opening browser 'Chrome' to base url 'http://10.10.9.129/Login/index.php'</msg>
<status status="PASS" endtime="20140312 18:51:24.856" starttime="20140312 18:51:22.044"></status>
</kw>
<kw type="kw" name="Selenium2Library.Maximize Browser Window">
<doc>Maximizes current browser window.</doc>
<arguments>
</arguments>
<status status="PASS" endtime="20140312 18:51:25.271" starttime="20140312 18:51:24.857"></status>
</kw>
<kw type="kw" name="Selenium2Library.Set Selenium Speed">
<doc>Sets the delay in seconds that is waited after each Selenium command.</doc>
<arguments>
<arg>${DELAY}</arg>
</arguments>
<status status="PASS" endtime="20140312 18:51:25.273" starttime="20140312 18:51:25.272"></status>
</kw>
<status status="PASS" endtime="20140312 18:51:25.273" starttime="20140312 18:51:22.043"></status>
</kw>
<kw type="kw" name="resource.Check Url">
<doc></doc>
<arguments>
<arg>${TITLE}</arg>
</arguments>
<kw type="kw" name="Selenium2Library.Title Should Be">
<doc>Verifies that current page title equals `title`.</doc>
<arguments>
<arg>${target_url}</arg>
</arguments>
<msg timestamp="20140312 18:51:25.283" level="INFO">Page title is 'ADTRAN Neo'.</msg>
<status status="PASS" endtime="20140312 18:51:25.283" starttime="20140312 18:51:25.274"></status>
</kw>
<status status="PASS" endtime="20140312 18:51:25.284" starttime="20140312 18:51:25.273"></status>
</kw>
<kw type="kw" name="resource.Input Neo Username">
<doc></doc>
<arguments>
<arg>${VALID USER}</arg>
</arguments>
<kw type="kw" name="Selenium2Library.Wait Until Element Is Visible">
<doc>Waits until element specified with `locator` is visible.</doc>
<arguments>
<arg>loginnameid-inputEl</arg>
<arg>timeout=5</arg>
</arguments>
<status status="PASS" endtime="20140312 18:51:25.356" starttime="20140312 18:51:25.285"></status>
</kw>
<kw type="kw" name="Selenium2Library.Input Text">
<doc>Types the given `text` into text field identified by `locator`.</doc>
<arguments>
<arg>loginnameid-inputEl</arg>
<arg>${username}</arg>
</arguments>
<msg timestamp="20140312 18:51:25.357" level="INFO">Typing text '3011' into text field 'loginnameid-inputEl'</msg>
<status status="PASS" endtime="20140312 18:51:25.576" starttime="20140312 18:51:25.356"></status>
</kw>
<status status="PASS" endtime="20140312 18:51:25.576" starttime="20140312 18:51:25.284"></status>
</kw>
<kw type="kw" name="resource.Input Neo Password">
<doc></doc>
<arguments>
<arg>${VALID PASSWD}</arg>
</arguments>
<kw type="kw" name="Selenium2Library.Input Text">
<doc>Types the given `text` into text field identified by `locator`.</doc>
<arguments>
<arg>loginpasswordid-inputEl</arg>
<arg>${password}</arg>
</arguments>
<msg timestamp="20140312 18:51:25.578" level="INFO">Typing text '1234' into text field 'loginpasswordid-inputEl'</msg>
<status status="PASS" endtime="20140312 18:51:25.722" starttime="20140312 18:51:25.578"></status>
</kw>
<status status="PASS" endtime="20140312 18:51:25.722" starttime="20140312 18:51:25.577"></status>
</kw>
<kw type="teardown" name="Selenium2Library.Close Browser">
<doc>Closes the current browser.</doc>
<arguments>
</arguments>
<status status="PASS" endtime="20140312 18:51:25.831" starttime="20140312 18:51:25.723"></status>
</kw>
<doc>Testing the browser : Chrome</doc>
<tags>
</tags>
<status status="PASS" endtime="20140312 18:51:25.831" critical="yes" starttime="20140312 18:51:22.042"></status>
</test>
<doc>Testing the browser : Chrome</doc>
<metadata>
</metadata>
<status status="PASS" endtime="20140312 18:51:25.832" starttime="20140312 18:51:22.034"></status>
</suite>
<doc></doc>
<metadata>
</metadata>
<status status="FAIL" endtime="20140312 18:51:25.834" starttime="20140312 18:51:21.869"></status>
</suite>
<statistics>
<total>
<stat fail="1" pass="1">Critical Tests</stat>
<stat fail="1" pass="1">All Tests</stat>
</total>
<tag>
</tag>
<suite>
<stat fail="1" pass="1" id="s1" name="Spec">Spec</stat>
<stat fail="1" pass="0" id="s1-s1" name="Sauce Browser">Spec.Sauce Browser</stat>
<stat fail="0" pass="1" id="s1-s2" name="Sauce Browser Onconnect">Spec.Sauce Browser Onconnect</stat>
</suite>
</statistics>
<errors>
<msg timestamp="20140312 18:51:21.926" level="ERROR">Error in file '/mnt/wt/pyrosuite/robo/resource.txt': Importing variable file '/mnt/wt/pyrosuite/robo/ondemand.py' failed: SyntaxError: invalid syntax (ondemand.py, line 15)
Traceback (most recent call last):
  None
PYTHONPATH:
  /usr/local/lib/python2.7/dist-packages/robot/libraries
  /usr/local/lib/python2.7/dist-packages
  /usr/local/bin
  /usr/lib/python2.7
  /usr/lib/python2.7/plat-linux2
  /usr/lib/python2.7/lib-tk
  /usr/lib/python2.7/lib-old
  /usr/lib/python2.7/lib-dynload
  /usr/lib/python2.7/dist-packages
  /usr/lib/python2.7/dist-packages/gtk-2.0
  /usr/lib/pymodules/python2.7
  .
  /mnt/wt/pyrosuite/robo</msg>
<msg timestamp="20140312 18:51:22.040" level="ERROR">Error in file '/mnt/wt/pyrosuite/robo/resource.txt': Importing variable file '/mnt/wt/pyrosuite/robo/ondemand.py' failed: SyntaxError: invalid syntax (ondemand.py, line 15)
Traceback (most recent call last):
  None
PYTHONPATH:
  /usr/local/lib/python2.7/dist-packages/robot/libraries
  /usr/local/lib/python2.7/dist-packages
  /usr/local/bin
  /usr/lib/python2.7
  /usr/lib/python2.7/plat-linux2
  /usr/lib/python2.7/lib-tk
  /usr/lib/python2.7/lib-old
  /usr/lib/python2.7/lib-dynload
  /usr/lib/python2.7/dist-packages
  /usr/lib/python2.7/dist-packages/gtk-2.0
  /usr/lib/pymodules/python2.7
  .
  /mnt/wt/pyrosuite/robo</msg>
</errors>
</robot>
